{"numTotalTestSuites":6,"numPassedTestSuites":6,"numFailedTestSuites":0,"numPendingTestSuites":0,"numTotalTests":11,"numPassedTests":11,"numFailedTests":0,"numPendingTests":0,"numTodoTests":0,"snapshot":{"added":0,"failure":false,"filesAdded":0,"filesRemoved":0,"filesRemovedList":[],"filesUnmatched":0,"filesUpdated":0,"matched":0,"total":0,"unchecked":0,"uncheckedKeysByFile":[],"unmatched":0,"updated":0,"didUpdate":false},"startTime":1753745164303,"success":true,"testResults":[{"assertionResults":[{"ancestorTitles":["ConfigManager","Configuration Management"],"fullName":"ConfigManager Configuration Management should initialize with default configuration","status":"passed","title":"should initialize with default configuration","duration":1.055041000000017,"failureMessages":[],"location":{"line":95,"column":7},"meta":{}},{"ancestorTitles":["ConfigManager","Configuration Management"],"fullName":"ConfigManager Configuration Management should get configuration values with dot notation","status":"passed","title":"should get configuration values with dot notation","duration":0.1597089999999639,"failureMessages":[],"location":{"line":101,"column":7},"meta":{}},{"ancestorTitles":["ConfigManager","Configuration Management"],"fullName":"ConfigManager Configuration Management should return default value for non-existent paths","status":"passed","title":"should return default value for non-existent paths","duration":0.11620799999997189,"failureMessages":[],"location":{"line":107,"column":7},"meta":{}},{"ancestorTitles":["ConfigManager","Configuration Management"],"fullName":"ConfigManager Configuration Management should set configuration values with dot notation","status":"passed","title":"should set configuration values with dot notation","duration":0.12237500000003365,"failureMessages":[],"location":{"line":112,"column":7},"meta":{}},{"ancestorTitles":["ConfigManager","Configuration Management"],"fullName":"ConfigManager Configuration Management should handle nested object creation","status":"passed","title":"should handle nested object creation","duration":0.10416600000002063,"failureMessages":[],"location":{"line":120,"column":7},"meta":{}},{"ancestorTitles":["ConfigManager","Camera Constraints"],"fullName":"ConfigManager Camera Constraints should generate valid camera constraints","status":"passed","title":"should generate valid camera constraints","duration":0.31433400000003076,"failureMessages":[],"location":{"line":127,"column":7},"meta":{}},{"ancestorTitles":["ConfigManager","Camera Constraints"],"fullName":"ConfigManager Camera Constraints should update constraints when resolution changes","status":"passed","title":"should update constraints when resolution changes","duration":0.11016699999998991,"failureMessages":[],"location":{"line":137,"column":7},"meta":{}},{"ancestorTitles":["ConfigManager","MediaPipe Configuration"],"fullName":"ConfigManager MediaPipe Configuration should generate valid MediaPipe configuration","status":"passed","title":"should generate valid MediaPipe configuration","duration":0.13791700000001583,"failureMessages":[],"location":{"line":149,"column":7},"meta":{}},{"ancestorTitles":["ConfigManager","MediaPipe Configuration"],"fullName":"ConfigManager MediaPipe Configuration should update MediaPipe config when analysis settings change","status":"passed","title":"should update MediaPipe config when analysis settings change","duration":0.17016700000004903,"failureMessages":[],"location":{"line":158,"column":7},"meta":{}},{"ancestorTitles":["ConfigManager","Configuration Validation"],"fullName":"ConfigManager Configuration Validation should handle invalid configuration gracefully","status":"passed","title":"should handle invalid configuration gracefully","duration":0.08774999999997135,"failureMessages":[],"location":{"line":169,"column":7},"meta":{}},{"ancestorTitles":["ConfigManager","Configuration Validation"],"fullName":"ConfigManager Configuration Validation should preserve configuration structure","status":"passed","title":"should preserve configuration structure","duration":0.0993750000000091,"failureMessages":[],"location":{"line":178,"column":7},"meta":{}}],"startTime":1753745164485,"endTime":1753745164487.3145,"status":"passed","message":"","name":"/Users/abdallah/Desktop/ProPostureFitness-JS/tests/config.test.js"}]}